Sun Dec 16 13:17:26 CET 2012: Build OK in folder: 'Sensing' 
Sun Dec 16 13:17:27 CET 2012: Build OK in folder: 'FilteredSensing' 
Sun Dec 16 13:17:27 CET 2012: Cppcheck OK in folder: 'Sensing' 
Sun Dec 16 13:17:27 CET 2012: Cppcheck OK in folder: 'FilteredSensing' 
Sun Dec 16 13:17:27 CET 2012: Cppcheck OK in header file(s)
Sun Dec 16 13:17:27 CET 2012: Cppcheck OK in cpp file(s)
Sun Dec 16 21:46:57 CET 2012: Build OK in folder: 'Sensing' 
Sun Dec 16 21:46:58 CET 2012: Build OK in folder: 'FilteredSensing' 
Sun Dec 16 21:46:58 CET 2012: Cppcheck OK in folder: 'Sensing' 
Sun Dec 16 21:46:58 CET 2012: Cppcheck OK in folder: 'FilteredSensing' 
Sun Dec 16 21:46:58 CET 2012: Cppcheck OK in header file(s)
Sun Dec 16 21:46:58 CET 2012: Cppcheck OK in cpp file(s)
Sun Dec 16 21:47:16 CET 2012: Build OK in folder: 'Sensing' 
Sun Dec 16 21:47:17 CET 2012: Build OK in folder: 'FilteredSensing' 
Sun Dec 16 21:47:17 CET 2012: Cppcheck OK in folder: 'Sensing' 
Sun Dec 16 21:47:17 CET 2012: Cppcheck OK in folder: 'FilteredSensing' 
Sun Dec 16 21:47:17 CET 2012: Cppcheck OK in header file(s)
Sun Dec 16 21:47:17 CET 2012: Cppcheck OK in cpp file(s)
Sun Dec 16 21:49:04 CET 2012: Build OK in folder: 'Sensing' 
Sun Dec 16 21:49:05 CET 2012: Build OK in folder: 'FilteredSensing' 
Sun Dec 16 21:49:05 CET 2012: Cppcheck OK in folder: 'Sensing' 
Sun Dec 16 21:49:05 CET 2012: Cppcheck OK in folder: 'FilteredSensing' 
Sun Dec 16 21:49:05 CET 2012: Cppcheck OK in header file(s)
Sun Dec 16 21:49:05 CET 2012: Cppcheck OK in cpp file(s)
Sun Dec 16 21:50:04 CET 2012: Build OK in folder: 'Sensing' 
Sun Dec 16 21:50:04 CET 2012: Build OK in folder: 'FilteredSensing' 
Sun Dec 16 21:50:04 CET 2012: Cppcheck OK in folder: 'Sensing' 
Sun Dec 16 21:50:04 CET 2012: Cppcheck OK in folder: 'FilteredSensing' 
Sun Dec 16 21:50:04 CET 2012: Cppcheck OK in header file(s)
Sun Dec 16 21:50:04 CET 2012: Cppcheck OK in cpp file(s)
Sun Dec 16 21:54:15 CET 2012: Build OK in folder: 'Sensing' 
Sun Dec 16 21:54:15 CET 2012: Build OK in folder: 'FilteredSensing' 
Sun Dec 16 21:54:15 CET 2012: Cppcheck OK in folder: 'Sensing' 
Sun Dec 16 21:54:15 CET 2012: Cppcheck OK in folder: 'FilteredSensing' 
Sun Dec 16 21:54:15 CET 2012: Cppcheck OK in header file(s)
Sun Dec 16 21:54:15 CET 2012: Cppcheck OK in cpp file(s)
Sun Dec 16 21:54:25 CET 2012: Build OK in folder: 'Sensing' 
Sun Dec 16 21:54:26 CET 2012: Build OK in folder: 'FilteredSensing' 
Sun Dec 16 21:54:26 CET 2012: Cppcheck OK in folder: 'Sensing' 
Sun Dec 16 21:54:26 CET 2012: Cppcheck OK in folder: 'FilteredSensing' 
Sun Dec 16 21:54:26 CET 2012: Cppcheck OK in header file(s)
Sun Dec 16 21:54:26 CET 2012: Cppcheck OK in cpp file(s)
Sun Dec 16 21:54:33 CET 2012: Build OK in folder: 'Sensing' 
Sun Dec 16 21:54:33 CET 2012: Build OK in folder: 'FilteredSensing' 
Sun Dec 16 21:54:33 CET 2012: Cppcheck OK in folder: 'Sensing' 
Sun Dec 16 21:54:33 CET 2012: Cppcheck OK in folder: 'FilteredSensing' 
Sun Dec 16 21:54:33 CET 2012: Cppcheck OK in header file(s)
Sun Dec 16 21:54:33 CET 2012: Cppcheck OK in cpp file(s)
Sun Dec 16 21:54:50 CET 2012: Build OK in folder: 'Sensing' 
Sun Dec 16 21:54:52 CET 2012: Build OK in folder: 'FilteredSensing' 
Sun Dec 16 21:54:52 CET 2012: Cppcheck OK in folder: 'Sensing' 
Sun Dec 16 21:54:52 CET 2012: Cppcheck OK in folder: 'FilteredSensing' 
Sun Dec 16 21:54:52 CET 2012: Cppcheck OK in header file(s)
Sun Dec 16 21:54:52 CET 2012: Cppcheck OK in cpp file(s)
Sun Dec 16 21:55:40 CET 2012: Build OK in folder: 'Sensing' 
Sun Dec 16 21:55:41 CET 2012: Build OK in folder: 'FilteredSensing' 
Sun Dec 16 21:55:41 CET 2012: Cppcheck OK in folder: 'Sensing' 
Sun Dec 16 21:55:41 CET 2012: Cppcheck OK in folder: 'FilteredSensing' 
Sun Dec 16 21:55:41 CET 2012: Cppcheck OK in header file(s)
Sun Dec 16 21:55:41 CET 2012: Cppcheck OK in cpp file(s)
Sun Dec 16 21:56:03 CET 2012: Build OK in folder: 'Sensing' 
Sun Dec 16 21:56:05 CET 2012: Build OK in folder: 'FilteredSensing' 
Sun Dec 16 21:56:05 CET 2012: Cppcheck OK in folder: 'Sensing' 
Sun Dec 16 21:56:05 CET 2012: Cppcheck OK in folder: 'FilteredSensing' 
Sun Dec 16 21:56:05 CET 2012: Cppcheck OK in header file(s)
Sun Dec 16 21:56:05 CET 2012: Cppcheck OK in cpp file(s)
Sun Dec 16 21:56:17 CET 2012: Build OK in folder: 'Sensing' 
Sun Dec 16 21:56:18 CET 2012: Build OK in folder: 'FilteredSensing' 
Sun Dec 16 21:56:18 CET 2012: Cppcheck OK in folder: 'Sensing' 
Sun Dec 16 21:56:18 CET 2012: Cppcheck OK in folder: 'FilteredSensing' 
Sun Dec 16 21:56:18 CET 2012: Cppcheck OK in header file(s)
Sun Dec 16 21:56:18 CET 2012: Cppcheck OK in cpp file(s)
Sun Dec 16 21:56:54 CET 2012: Build OK in folder: 'Sensing' 
Sun Dec 16 21:56:54 CET 2012: Build OK in folder: 'FilteredSensing' 
Sun Dec 16 21:56:54 CET 2012: Cppcheck OK in folder: 'Sensing' 
Sun Dec 16 21:56:54 CET 2012: Cppcheck OK in folder: 'FilteredSensing' 
Sun Dec 16 21:56:54 CET 2012: Cppcheck OK in header file(s)
Sun Dec 16 21:56:54 CET 2012: Cppcheck OK in cpp file(s)
Sun Dec 16 21:56:58 CET 2012: Build OK in folder: 'Sensing' 
Sun Dec 16 21:56:59 CET 2012: Build OK in folder: 'FilteredSensing' 
Sun Dec 16 21:56:59 CET 2012: Cppcheck OK in folder: 'Sensing' 
Sun Dec 16 21:56:59 CET 2012: Cppcheck OK in folder: 'FilteredSensing' 
Sun Dec 16 21:56:59 CET 2012: Cppcheck OK in header file(s)
Sun Dec 16 21:56:59 CET 2012: Cppcheck OK in cpp file(s)
Sun Dec 16 21:58:47 CET 2012: Build OK in folder: 'Sensing' 
Sun Dec 16 21:58:48 CET 2012: Build OK in folder: 'FilteredSensing' 
Sun Dec 16 21:58:48 CET 2012: Cppcheck OK in folder: 'Sensing' 
Sun Dec 16 21:58:48 CET 2012: Cppcheck OK in folder: 'FilteredSensing' 
Sun Dec 16 21:58:48 CET 2012: Cppcheck OK in header file(s)
Sun Dec 16 21:58:48 CET 2012: Cppcheck OK in cpp file(s)
Sun Dec 16 21:59:59 CET 2012: Build OK in folder: 'Sensing' 
Sun Dec 16 21:59:59 CET 2012: Build OK in folder: 'FilteredSensing' 
Sun Dec 16 21:59:59 CET 2012: Cppcheck OK in folder: 'Sensing' 
Sun Dec 16 21:59:59 CET 2012: Cppcheck OK in folder: 'FilteredSensing' 
Sun Dec 16 21:59:59 CET 2012: Cppcheck OK in header file(s)
Sun Dec 16 21:59:59 CET 2012: Cppcheck OK in cpp file(s)
Sun Dec 16 22:00:57 CET 2012: Build OK in folder: 'Sensing' 
Sun Dec 16 22:00:58 CET 2012: Build OK in folder: 'FilteredSensing' 
Sun Dec 16 22:00:58 CET 2012: Cppcheck OK in folder: 'Sensing' 
Sun Dec 16 22:00:58 CET 2012: Cppcheck OK in folder: 'FilteredSensing' 
Sun Dec 16 22:00:58 CET 2012: Cppcheck OK in header file(s)
Sun Dec 16 22:00:58 CET 2012: Cppcheck OK in cpp file(s)
Sun Dec 16 22:01:05 CET 2012: Build OK in folder: 'Sensing' 
Sun Dec 16 22:01:07 CET 2012: Build OK in folder: 'FilteredSensing' 
Sun Dec 16 22:01:07 CET 2012: Cppcheck OK in folder: 'Sensing' 
Sun Dec 16 22:01:07 CET 2012: Cppcheck OK in folder: 'FilteredSensing' 
Sun Dec 16 22:01:07 CET 2012: Cppcheck OK in header file(s)
Sun Dec 16 22:01:07 CET 2012: Cppcheck OK in cpp file(s)
Sun Dec 16 22:01:14 CET 2012: Build OK in folder: 'Sensing' 
Sun Dec 16 22:01:15 CET 2012: Build OK in folder: 'FilteredSensing' 
Sun Dec 16 22:01:15 CET 2012: Cppcheck OK in folder: 'Sensing' 
Sun Dec 16 22:01:15 CET 2012: Cppcheck OK in folder: 'FilteredSensing' 
Sun Dec 16 22:01:15 CET 2012: Cppcheck OK in header file(s)
Sun Dec 16 22:01:15 CET 2012: Cppcheck OK in cpp file(s)
Sun Dec 16 22:03:22 CET 2012: Build OK in folder: 'Sensing' 
Sun Dec 16 22:03:24 CET 2012: Build OK in folder: 'FilteredSensing' 
Sun Dec 16 22:03:24 CET 2012: Cppcheck OK in folder: 'Sensing' 
Sun Dec 16 22:03:24 CET 2012: Cppcheck OK in folder: 'FilteredSensing' 
Sun Dec 16 22:03:24 CET 2012: Cppcheck OK in header file(s)
Sun Dec 16 22:03:24 CET 2012: Cppcheck OK in cpp file(s)
Mon Dec 17 00:15:08 CET 2012: Build OK in folder: 'Sensing' 
Mon Dec 17 00:15:09 CET 2012: Build OK in folder: 'FilteredSensing' 
Mon Dec 17 00:15:09 CET 2012: Cppcheck OK in folder: 'Sensing' 
Mon Dec 17 00:15:09 CET 2012: Cppcheck OK in folder: 'FilteredSensing' 
Mon Dec 17 00:15:09 CET 2012: Cppcheck OK in header file(s)
Mon Dec 17 00:15:09 CET 2012: Cppcheck OK in cpp file(s)
Mon Dec 17 00:40:38 CET 2012: Build OK in folder: 'examples Sensing' 
Mon Dec 17 00:40:40 CET 2012: Build OK in folder: 'examples FilteredSensing' 
Mon Dec 17 00:54:04 CET 2012: Build OK in folder: 'examples Sensing' 
Mon Dec 17 00:54:05 CET 2012: Build OK in folder: 'examples FilteredSensing' 
Mon Dec 17 00:54:21 CET 2012: Build OK in folder: 'examples Sensing' 
Mon Dec 17 00:54:22 CET 2012: Build OK in folder: 'examples FilteredSensing' 
Mon Dec 17 00:55:02 CET 2012: Build OK in folder: 'Sensing' 
Mon Dec 17 00:55:03 CET 2012: Build OK in folder: 'FilteredSensing' 
Mon Dec 17 00:55:03 CET 2012: Cppcheck OK in folder: 'Sensing' 
Mon Dec 17 00:55:03 CET 2012: Cppcheck OK in folder: 'FilteredSensing' 
Mon Dec 17 00:55:03 CET 2012: Cppcheck OK in header file(s)
Mon Dec 17 00:55:03 CET 2012: Cppcheck OK in cpp file(s)
Mon Dec 17 00:55:41 CET 2012: Build OK in folder: 'examples Sensing' 
Mon Dec 17 00:55:41 CET 2012: Build OK in folder: 'examples FilteredSensing' 
Mon Dec 17 00:56:27 CET 2012: Cppcheck OK in folder: 'Sensing' 
Mon Dec 17 00:56:27 CET 2012: Cppcheck OK in folder: 'FilteredSensing' 
Mon Dec 17 00:56:28 CET 2012: Cppcheck OK in header file(s)
Mon Dec 17 00:56:28 CET 2012: Cppcheck OK in cpp file(s)
Mon Dec 17 00:57:03 CET 2012: Cppcheck OK in header file(s)
Mon Dec 17 00:57:03 CET 2012: Cppcheck OK in cpp file(s)
Mon Dec 17 00:57:11 CET 2012: Build OK in folder: 'FilteredSensing' 
Mon Dec 17 00:57:17 CET 2012: Cppcheck OK in header file(s)
Mon Dec 17 00:57:17 CET 2012: Cppcheck OK in cpp file(s)
Mon Dec 17 00:57:44 CET 2012: Build OK in folder: 'examples Sensing' 
Mon Dec 17 00:57:47 CET 2012: Build OK in folder: 'examples FilteredSensing' 
Mon Dec 17 00:57:47 CET 2012: Cppcheck OK in folder: 'Sensing' 
Mon Dec 17 00:57:47 CET 2012: Cppcheck OK in folder: 'FilteredSensing' 
Mon Dec 17 00:57:47 CET 2012: Cppcheck OK in header file(s)
Mon Dec 17 00:57:47 CET 2012: Cppcheck OK in cpp file(s)
Mon Dec 17 00:57:51 CET 2012: Build OK in folder: 'examples Sensing' 
Mon Dec 17 00:57:52 CET 2012: Build OK in folder: 'examples FilteredSensing' 
Mon Dec 17 01:00:58 CET 2012: Cppcheck OK in folder: 'Sensing' 
Mon Dec 17 01:00:58 CET 2012: Cppcheck OK in folder: 'FilteredSensing' 
Mon Dec 17 01:00:58 CET 2012: Cppcheck OK in header file(s)
Mon Dec 17 01:00:59 CET 2012: Cppcheck OK in cpp file(s)
Mon Dec 17 01:01:22 CET 2012: Build OK in folder: 'examples Sensing' 
Mon Dec 17 01:01:23 CET 2012: Build OK in folder: 'examples FilteredSensing' 
Mon Dec 17 01:01:40 CET 2012: Build OK in folder: 'examples Sensing' 
Mon Dec 17 01:01:41 CET 2012: Build OK in folder: 'examples FilteredSensing' 
Mon Dec 17 01:02:38 CET 2012: Build OK in folder: 'examples Sensing' 
Mon Dec 17 01:02:39 CET 2012: Build OK in folder: 'examples FilteredSensing' 
Mon Dec 17 01:03:04 CET 2012: Build OK in folder: 'examples Sensing' 
Mon Dec 17 01:03:04 CET 2012: Build OK in folder: 'examples FilteredSensing' 
Mon Dec 17 01:03:18 CET 2012: Build OK in folder: 'examples Sensing' 
Mon Dec 17 01:03:19 CET 2012: Build OK in folder: 'examples FilteredSensing' 
Mon Dec 17 01:04:06 CET 2012: Build OK in folder: 'examples Sensing' 
Mon Dec 17 01:04:06 CET 2012: Build OK in folder: 'examples FilteredSensing' 
Mon Dec 17 01:04:06 CET 2012: Cppcheck OK in folder: 'Sensing' 
Mon Dec 17 01:04:06 CET 2012: Cppcheck OK in folder: 'FilteredSensing' 
Mon Dec 17 01:04:06 CET 2012: Cppcheck OK in header file(s)
Mon Dec 17 01:04:06 CET 2012: Cppcheck OK in cpp file(s)
Mon Dec 17 01:04:53 CET 2012: Build OK in folder: 'examples Sensing' 
Mon Dec 17 01:04:54 CET 2012: Build OK in folder: 'examples FilteredSensing' 
Mon Dec 17 01:04:54 CET 2012: Cppcheck OK in folder: 'Sensing' 
Mon Dec 17 01:04:54 CET 2012: Cppcheck OK in folder: 'FilteredSensing' 
Mon Dec 17 01:04:54 CET 2012: Cppcheck OK in header file(s)
Mon Dec 17 01:04:54 CET 2012: Cppcheck OK in cpp file(s)
Mon Dec 17 01:06:14 CET 2012: Build OK in folder: 'examples Sensing' 
Mon Dec 17 01:06:15 CET 2012: Build OK in folder: 'examples FilteredSensing' 
Mon Dec 17 01:06:15 CET 2012: Cppcheck OK in folder: 'Sensing' 
Mon Dec 17 01:06:15 CET 2012: Cppcheck OK in folder: 'FilteredSensing' 
Mon Dec 17 01:06:15 CET 2012: Cppcheck OK in header file(s)
Mon Dec 17 01:06:15 CET 2012: Cppcheck OK in cpp file(s)
Mon Dec 17 01:09:03 CET 2012: Build OK in folder: 'examples Sensing' 
Mon Dec 17 01:09:04 CET 2012: Build OK in folder: 'examples FilteredSensing' 
Mon Dec 17 01:09:04 CET 2012: Cppcheck OK in folder: 'Sensing' 
Mon Dec 17 01:09:04 CET 2012: Cppcheck OK in folder: 'FilteredSensing' 
Mon Dec 17 01:09:04 CET 2012: Cppcheck OK in header file(s)
Mon Dec 17 01:09:04 CET 2012: Cppcheck OK in cpp file(s)
Mon Dec 17 01:09:21 CET 2012: Build OK in folder: 'examples Sensing' 
Mon Dec 17 01:09:23 CET 2012: Build OK in folder: 'examples FilteredSensing' 
Mon Dec 17 01:09:23 CET 2012: Cppcheck OK in folder: 'Sensing' 
Mon Dec 17 01:09:23 CET 2012: Cppcheck OK in folder: 'FilteredSensing' 
Mon Dec 17 01:09:23 CET 2012: Cppcheck OK in header file(s)
Mon Dec 17 01:09:23 CET 2012: Cppcheck OK in cpp file(s)
Mon Dec 17 01:09:26 CET 2012: Build OK in folder: 'examples Sensing' 
Mon Dec 17 01:09:27 CET 2012: Build OK in folder: 'examples FilteredSensing' 
Mon Dec 17 01:09:27 CET 2012: Cppcheck OK in folder: 'Sensing' 
Mon Dec 17 01:09:27 CET 2012: Cppcheck OK in folder: 'FilteredSensing' 
Mon Dec 17 01:09:27 CET 2012: Cppcheck OK in header file(s)
Mon Dec 17 01:09:27 CET 2012: Cppcheck OK in cpp file(s)
Mon Dec 17 01:11:36 CET 2012: Build OK in folder: 'examples Sensing' 
Mon Dec 17 01:11:37 CET 2012: Build OK in folder: 'examples FilteredSensing' 
Mon Dec 17 01:11:37 CET 2012: Cppcheck OK in folder: 'build' 
Mon Dec 17 01:11:37 CET 2012: Cppcheck OK in folder: 'build' 
Mon Dec 17 01:11:37 CET 2012: Cppcheck OK in header file(s)
Mon Dec 17 01:11:37 CET 2012: Cppcheck OK in cpp file(s)
Mon Dec 17 01:12:47 CET 2012: Build OK in folder: 'examples Sensing' 
Mon Dec 17 01:12:47 CET 2012: Build OK in folder: 'examples FilteredSensing' 
Mon Dec 17 01:12:47 CET 2012: Cppcheck OK in folder: 'Sensing' 
Mon Dec 17 01:12:47 CET 2012: Cppcheck OK in folder: 'build' 
Mon Dec 17 01:12:47 CET 2012: Cppcheck OK in folder: 'FilteredSensing' 
Mon Dec 17 01:12:47 CET 2012: Cppcheck OK in folder: 'build' 
Mon Dec 17 01:12:47 CET 2012: Cppcheck OK in header file(s)
Mon Dec 17 01:12:47 CET 2012: Cppcheck OK in cpp file(s)
Mon Dec 17 01:13:38 CET 2012: Build OK in folder: 'examples Sensing' 
Mon Dec 17 01:13:39 CET 2012: Build OK in folder: 'examples FilteredSensing' 
Mon Dec 17 01:13:39 CET 2012: Cppcheck OK in folder: 'build' 
Mon Dec 17 01:13:39 CET 2012: Cppcheck OK in folder: 'build' 
Mon Dec 17 01:13:39 CET 2012: Cppcheck OK in header file(s)
Mon Dec 17 01:13:39 CET 2012: Cppcheck OK in cpp file(s)
Mon Dec 17 01:13:46 CET 2012: Build OK in folder: 'examples Sensing' 
Mon Dec 17 01:13:47 CET 2012: Build OK in folder: 'examples FilteredSensing' 
Mon Dec 17 01:13:47 CET 2012: Cppcheck OK in folder: 'build' 
Mon Dec 17 01:13:47 CET 2012: Cppcheck OK in folder: 'build' 
Mon Dec 17 01:13:47 CET 2012: Cppcheck OK in header file(s)
Mon Dec 17 01:13:47 CET 2012: Cppcheck OK in cpp file(s)
Mon Dec 17 01:17:35 CET 2012: Build OK in folder: 'examples Sensing' 
Mon Dec 17 01:17:35 CET 2012: Build OK in folder: 'examples FilteredSensing' 
Mon Dec 17 01:17:35 CET 2012: Cppcheck OK in folder: 'build' 
Mon Dec 17 01:17:35 CET 2012: Cppcheck OK in folder: 'build' 
Mon Dec 17 01:17:35 CET 2012: Cppcheck OK in header file(s)
Mon Dec 17 01:17:36 CET 2012: Cppcheck OK in cpp file(s)
Mon Dec 17 01:18:13 CET 2012: Build OK in folder: 'examples Sensing' 
Mon Dec 17 01:18:14 CET 2012: Build OK in folder: 'examples FilteredSensing' 
Mon Dec 17 01:18:14 CET 2012: Cppcheck OK in folder: 'build' 
Mon Dec 17 01:18:14 CET 2012: Cppcheck OK in folder: 'build' 
Mon Dec 17 01:18:14 CET 2012: Cppcheck OK in header file(s)
Mon Dec 17 01:18:14 CET 2012: Cppcheck OK in cpp file(s)
Mon Dec 17 01:30:11 CET 2012: Build OK in folder: 'examples Sensing' 
Mon Dec 17 01:30:12 CET 2012: Build OK in folder: 'examples FilteredSensing' 
Mon Dec 17 01:30:12 CET 2012: Cppcheck OK in folder: 'build' 
Mon Dec 17 01:30:12 CET 2012: Cppcheck OK in header file(s)
Mon Dec 17 01:30:12 CET 2012: Cppcheck OK in cpp file(s)
Mon Dec 17 01:33:36 CET 2012: Build OK in folder: 'examples Sensing' 
Mon Dec 17 01:33:36 CET 2012: Build OK in folder: 'examples FilteredSensing' 
Mon Dec 17 01:33:36 CET 2012: Cppcheck OK in folder: 'build' 
Mon Dec 17 01:33:36 CET 2012: Cppcheck OK in header file(s)
Mon Dec 17 01:33:36 CET 2012: Cppcheck OK in cpp file(s)
Mon Dec 17 01:36:56 CET 2012: Build OK in folder: 'examples Sensing' 
Mon Dec 17 01:36:59 CET 2012: Build OK in folder: 'examples FilteredSensing' 
Mon Dec 17 01:36:59 CET 2012: Cppcheck OK in folder: 'build' 
Mon Dec 17 01:36:59 CET 2012: Cppcheck OK in header file(s)
Mon Dec 17 01:36:59 CET 2012: Cppcheck OK in cpp file(s)
Mon Dec 17 01:43:34 CET 2012: Build OK in folder: 'examples Sensing' 
Mon Dec 17 01:43:37 CET 2012: Build OK in folder: 'examples FilteredSensing' 
Mon Dec 17 01:43:37 CET 2012: Cppcheck OK in folder: 'build' 
Mon Dec 17 01:43:37 CET 2012: Cppcheck OK in header file(s)
Mon Dec 17 01:43:37 CET 2012: Cppcheck OK in cpp file(s)
Mon Dec 17 01:51:37 CET 2012: Build OK in folder: 'examples Sensing' 
Mon Dec 17 01:51:39 CET 2012: Build OK in folder: 'examples FilteredSensing' 
Mon Dec 17 01:51:39 CET 2012: Cppcheck OK in folder: 'build' 
Mon Dec 17 01:51:39 CET 2012: Cppcheck OK in header file(s)
Mon Dec 17 01:51:39 CET 2012: Cppcheck OK in cpp file(s)
Tue Dec 18 23:12:26 CET 2012: Build OK in folder: 'examples Sensing' 
Tue Dec 18 23:12:28 CET 2012: Build OK in folder: 'examples FilteredSensing' 
Tue Dec 18 23:12:28 CET 2012: Cppcheck OK in folder: 'build' 
Tue Dec 18 23:12:28 CET 2012: Cppcheck OK in header file(s)
Tue Dec 18 23:12:28 CET 2012: Cppcheck OK in cpp file(s)
